
Showing logs for build [32mcb-kubecd-environment-pr-115-6-rs96p-1[0m stage [32mfrom-build-pack[0m and container [32mstep-credential-initializer-xv5m2[0m
{"level":"warn","ts":1576802432.7042742,"logger":"fallback-logger","caller":"logging/config.go:69","msg":"Fetch GitHub commit ID from kodata failed: \"ref: refs/heads/master\" is not a valid GitHub commit ID"}
{"level":"info","ts":1576802432.705045,"logger":"fallback-logger","caller":"creds-init/main.go:40","msg":"Credentials initialized."}

Showing logs for build [32mcb-kubecd-environment-pr-115-6-rs96p-1[0m stage [32mfrom-build-pack[0m and container [32mstep-working-dir-initializer-jts9h[0m
{"level":"warn","ts":1576802435.2632241,"logger":"fallback-logger","caller":"logging/config.go:69","msg":"Fetch GitHub commit ID from kodata failed: open /var/run/ko/HEAD: no such file or directory"}
{"level":"info","ts":1576802435.2679727,"logger":"fallback-logger","caller":"bash/main.go:65","msg":"Successfully executed command \"mkdir -p /workspace/source\""}

Showing logs for build [32mcb-kubecd-environment-pr-115-6-rs96p-1[0m stage [32mfrom-build-pack[0m and container [32mstep-place-tools[0m

Showing logs for build [32mcb-kubecd-environment-pr-115-6-rs96p-1[0m stage [32mfrom-build-pack[0m and container [32mstep-git-source-cb-kubecd-environment-pr-115-6-hzxhg[0m
{"level":"warn","ts":1576802465.483861,"logger":"fallback-logger","caller":"logging/config.go:69","msg":"Fetch GitHub commit ID from kodata failed: \"ref: refs/heads/master\" is not a valid GitHub commit ID"}
{"level":"info","ts":1576802466.6174366,"logger":"fallback-logger","caller":"git/git.go:102","msg":"Successfully cloned https://github.com/cb-kubecd/environment-pr-115-6-gke-upgrade-staging.git @ master in path /workspace/source"}

Showing logs for build [32mcb-kubecd-environment-pr-115-6-rs96p-1[0m stage [32mfrom-build-pack[0m and container [32mstep-git-merge[0m
Using SHAs from PULL_REFS=master:b9bdf9a80f7928181604219b91d02ca7a83f2c17,1:6b2c5676041cdd03cf0b3065ac6f81e8854fd096
DEBUG: ran git fetch --unshallow origin 6b2c5676041cdd03cf0b3065ac6f81e8854fd096: b9bdf9a80f7928181604219b91d02ca7a83f2c17: in 
DEBUG: ran git checkout master in 
DEBUG: ran git reset --hard b9bdf9a80f7928181604219b91d02ca7a83f2c17 in 
DEBUG: ran clean --force -d . in 
DEBUG: ran git merge 6b2c5676041cdd03cf0b3065ac6f81e8854fd096 in 
Merged SHA 6b2c5676041cdd03cf0b3065ac6f81e8854fd096 with commit message 'chore: Promote bdd-spring-1576802103 to version 0.0.1' into base branch master

Showing logs for build [32mcb-kubecd-environment-pr-115-6-rs96p-1[0m stage [32mfrom-build-pack[0m and container [32mstep-build-helm-build[0m
WARNING: No $CHART_REPOSITORY defined so using the default value of: http://jenkins-x-chartmuseum:8080
Adding missing Helm repo: storage.googleapis.com https://storage.googleapis.com/chartmuseum.jenkins-x.io
WARNING: No secrets found on "helm/repos" due: reading the secret "helm/repos" from vault: no secret "helm/repos" not found in vault
Read credentials for https://storage.googleapis.com/chartmuseum.jenkins-x.io from vault helm/repos
Successfully added Helm repository storage.googleapis.com.
Adding missing Helm repo: jenkins-x-chartmuseum http://jenkins-x-chartmuseum:8080
WARNING: No secrets found on "helm/repos" due: reading the secret "helm/repos" from vault: no secret "helm/repos" not found in vault
Read credentials for http://jenkins-x-chartmuseum:8080 from vault helm/repos
Successfully added Helm repository jenkins-x-chartmuseum.
WARNING: No $CHART_REPOSITORY defined so using the default value of: http://jenkins-x-chartmuseum:8080
Adding missing Helm repo: chartmuseum.jenkins-x.io http://chartmuseum.jenkins-x.io
WARNING: No secrets found on "helm/repos" due: reading the secret "helm/repos" from vault: no secret "helm/repos" not found in vault
Read credentials for http://chartmuseum.jenkins-x.io from vault helm/repos
Successfully added Helm repository chartmuseum.jenkins-x.io.
